<?xml version="1.0" encoding="UTF-8"?>
<testsuites>
  <testsuite name="Test Suite" tests="13" assertions="17" failures="0" errors="0" time="0.035425">
    <testsuite name="Driade\Anabel\Test\AnabelExtraInfoTest" file="/Users/davidfernandez/htdocs/anabel-test/vendor/driade/anabel/tests/AnabelExtraInfoTest.php" tests="3" assertions="5" failures="0" errors="0" time="0.017743">
      <testcase name="testOutdated" class="Driade\Anabel\Test\AnabelExtraInfoTest" file="/Users/davidfernandez/htdocs/anabel-test/vendor/driade/anabel/tests/AnabelExtraInfoTest.php" line="15" assertions="3" time="0.017315"/>
      <testcase name="doNotParsesPackages" class="Driade\Anabel\Test\AnabelExtraInfoTest" file="/Users/davidfernandez/htdocs/anabel-test/vendor/driade/anabel/tests/AnabelExtraInfoTest.php" line="39" assertions="1" time="0.000271"/>
      <testcase name="parsesPackagesAndGetHome" class="Driade\Anabel\Test\AnabelExtraInfoTest" file="/Users/davidfernandez/htdocs/anabel-test/vendor/driade/anabel/tests/AnabelExtraInfoTest.php" line="48" assertions="1" time="0.000157"/>
    </testsuite>
    <testsuite name="Driade\Anabel\Test\AnabelOutdatedTest" file="/Users/davidfernandez/htdocs/anabel-test/vendor/driade/anabel/tests/AnabelOutdatedTest.php" tests="3" assertions="5" failures="0" errors="0" time="0.000903">
      <testcase name="testOutdated" class="Driade\Anabel\Test\AnabelOutdatedTest" file="/Users/davidfernandez/htdocs/anabel-test/vendor/driade/anabel/tests/AnabelOutdatedTest.php" line="15" assertions="3" time="0.000696"/>
      <testcase name="doNotParsesPackages" class="Driade\Anabel\Test\AnabelOutdatedTest" file="/Users/davidfernandez/htdocs/anabel-test/vendor/driade/anabel/tests/AnabelOutdatedTest.php" line="39" assertions="1" time="0.000085"/>
      <testcase name="parsesPackages" class="Driade\Anabel\Test\AnabelOutdatedTest" file="/Users/davidfernandez/htdocs/anabel-test/vendor/driade/anabel/tests/AnabelOutdatedTest.php" line="48" assertions="1" time="0.000122"/>
    </testsuite>
    <testsuite name="Driade\Anabel\Test\AnabelTest" file="/Users/davidfernandez/htdocs/anabel-test/vendor/driade/anabel/tests/AnabelTest.php" tests="7" assertions="7" failures="0" errors="0" time="0.016779">
      <testcase name="defaultConfig" class="Driade\Anabel\Test\AnabelTest" file="/Users/davidfernandez/htdocs/anabel-test/vendor/driade/anabel/tests/AnabelTest.php" line="11" assertions="1" time="0.000335"/>
      <testcase name="sortNotSort" class="Driade\Anabel\Test\AnabelTest" file="/Users/davidfernandez/htdocs/anabel-test/vendor/driade/anabel/tests/AnabelTest.php" line="32" assertions="1" time="0.000079"/>
      <testcase name="sortSorts" class="Driade\Anabel\Test\AnabelTest" file="/Users/davidfernandez/htdocs/anabel-test/vendor/driade/anabel/tests/AnabelTest.php" line="44" assertions="1" time="0.001735"/>
      <testcase name="transformPackages" class="Driade\Anabel\Test\AnabelTest" file="/Users/davidfernandez/htdocs/anabel-test/vendor/driade/anabel/tests/AnabelTest.php" line="93" assertions="1" time="0.000083"/>
      <testcase name="render" class="Driade\Anabel\Test\AnabelTest" file="/Users/davidfernandez/htdocs/anabel-test/vendor/driade/anabel/tests/AnabelTest.php" line="172" assertions="1" time="0.014340"/>
      <testcase name="setConfig" class="Driade\Anabel\Test\AnabelTest" file="/Users/davidfernandez/htdocs/anabel-test/vendor/driade/anabel/tests/AnabelTest.php" line="194" assertions="1" time="0.000110"/>
      <testcase name="getOption" class="Driade\Anabel\Test\AnabelTest" file="/Users/davidfernandez/htdocs/anabel-test/vendor/driade/anabel/tests/AnabelTest.php" line="205" assertions="1" time="0.000097"/>
    </testsuite>
  </testsuite>
</testsuites>
